2021/10/27 09:20:17 [notice] 1#1: using the "epoll" event method
2021/10/27 09:20:17 [notice] 1#1: nginx/1.21.3
2021/10/27 09:20:17 [notice] 1#1: built by gcc 8.3.0 (Debian 8.3.0-6) 
2021/10/27 09:20:17 [notice] 1#1: OS: Linux 4.15.0-142-generic
2021/10/27 09:20:17 [notice] 1#1: getrlimit(RLIMIT_NOFILE): 1048576:1048576
2021/10/27 09:20:17 [notice] 1#1: start worker processes
2021/10/27 09:20:17 [notice] 1#1: start worker process 22
2021/10/27 09:20:17 [notice] 1#1: start worker process 23
2021/10/27 09:20:17 [notice] 1#1: start worker process 24
2021/10/27 09:20:17 [notice] 1#1: start worker process 25
2021/10/27 09:25:18 [notice] 1#1: signal 3 (SIGQUIT) received, shutting down
2021/10/27 09:25:18 [notice] 24#24: gracefully shutting down
2021/10/27 09:25:18 [notice] 23#23: gracefully shutting down
2021/10/27 09:25:18 [notice] 24#24: exiting
2021/10/27 09:25:18 [notice] 23#23: exiting
2021/10/27 09:25:18 [notice] 22#22: gracefully shutting down
2021/10/27 09:25:18 [notice] 24#24: exit
2021/10/27 09:25:18 [notice] 22#22: exiting
2021/10/27 09:25:18 [notice] 23#23: exit
2021/10/27 09:25:18 [notice] 22#22: exit
2021/10/27 09:25:18 [notice] 25#25: gracefully shutting down
2021/10/27 09:25:18 [notice] 25#25: exiting
2021/10/27 09:25:18 [notice] 25#25: exit
2021/10/27 09:25:18 [notice] 1#1: signal 17 (SIGCHLD) received from 22
2021/10/27 09:25:18 [notice] 1#1: worker process 22 exited with code 0
2021/10/27 09:25:18 [notice] 1#1: signal 29 (SIGIO) received
2021/10/27 09:25:18 [notice] 1#1: signal 17 (SIGCHLD) received from 23
2021/10/27 09:25:18 [notice] 1#1: worker process 23 exited with code 0
2021/10/27 09:25:18 [notice] 1#1: signal 29 (SIGIO) received
2021/10/27 09:25:18 [notice] 1#1: signal 17 (SIGCHLD) received from 25
2021/10/27 09:25:18 [notice] 1#1: worker process 25 exited with code 0
2021/10/27 09:25:18 [notice] 1#1: signal 29 (SIGIO) received
2021/10/27 09:25:18 [notice] 1#1: signal 17 (SIGCHLD) received from 24
2021/10/27 09:25:18 [notice] 1#1: worker process 24 exited with code 0
2021/10/27 09:25:18 [notice] 1#1: exit
2021/10/27 09:49:58 [notice] 1#1: using the "epoll" event method
2021/10/27 09:49:58 [notice] 1#1: nginx/1.21.3
2021/10/27 09:49:58 [notice] 1#1: built by gcc 8.3.0 (Debian 8.3.0-6) 
2021/10/27 09:49:58 [notice] 1#1: OS: Linux 4.15.0-142-generic
2021/10/27 09:49:58 [notice] 1#1: getrlimit(RLIMIT_NOFILE): 1048576:1048576
2021/10/27 09:49:58 [notice] 1#1: start worker processes
2021/10/27 09:49:58 [notice] 1#1: start worker process 22
2021/10/27 09:49:58 [notice] 1#1: start worker process 23
2021/10/27 09:49:58 [notice] 1#1: start worker process 24
2021/10/27 09:49:58 [notice] 1#1: start worker process 25
2021/10/28 08:29:01 [notice] 1#1: using the "epoll" event method
2021/10/28 08:29:01 [notice] 1#1: nginx/1.21.3
2021/10/28 08:29:01 [notice] 1#1: built by gcc 8.3.0 (Debian 8.3.0-6) 
2021/10/28 08:29:01 [notice] 1#1: OS: Linux 4.15.0-142-generic
2021/10/28 08:29:01 [notice] 1#1: getrlimit(RLIMIT_NOFILE): 1048576:1048576
2021/10/28 08:29:01 [notice] 1#1: start worker processes
2021/10/28 08:29:01 [notice] 1#1: start worker process 23
2021/10/28 08:29:01 [notice] 1#1: start worker process 24
2021/10/28 08:29:01 [notice] 1#1: start worker process 25
2021/10/28 08:29:01 [notice] 1#1: start worker process 26
2021/10/28 08:29:46 [notice] 1#1: signal 3 (SIGQUIT) received, shutting down
2021/10/28 08:29:46 [notice] 23#23: gracefully shutting down
2021/10/28 08:29:46 [notice] 26#26: gracefully shutting down
2021/10/28 08:29:46 [notice] 25#25: gracefully shutting down
2021/10/28 08:29:46 [notice] 23#23: exiting
2021/10/28 08:29:46 [notice] 26#26: exiting
2021/10/28 08:29:46 [notice] 25#25: exiting
2021/10/28 08:29:46 [notice] 23#23: exit
2021/10/28 08:29:46 [notice] 25#25: exit
2021/10/28 08:29:46 [notice] 26#26: exit
2021/10/28 08:29:46 [notice] 24#24: gracefully shutting down
2021/10/28 08:29:46 [notice] 24#24: exiting
2021/10/28 08:29:46 [notice] 24#24: exit
2021/10/28 08:29:46 [notice] 1#1: signal 17 (SIGCHLD) received from 23
2021/10/28 08:29:46 [notice] 1#1: worker process 23 exited with code 0
2021/10/28 08:29:46 [notice] 1#1: signal 29 (SIGIO) received
2021/10/28 08:29:46 [notice] 1#1: signal 17 (SIGCHLD) received from 26
2021/10/28 08:29:46 [notice] 1#1: worker process 24 exited with code 0
2021/10/28 08:29:46 [notice] 1#1: worker process 26 exited with code 0
2021/10/28 08:29:46 [notice] 1#1: signal 29 (SIGIO) received
2021/10/28 08:29:46 [notice] 1#1: signal 17 (SIGCHLD) received from 25
2021/10/28 08:29:46 [notice] 1#1: worker process 25 exited with code 0
2021/10/28 08:29:46 [notice] 1#1: exit
2021/10/28 08:33:09 [notice] 1#1: using the "epoll" event method
2021/10/28 08:33:09 [notice] 1#1: nginx/1.21.3
2021/10/28 08:33:09 [notice] 1#1: built by gcc 8.3.0 (Debian 8.3.0-6) 
2021/10/28 08:33:09 [notice] 1#1: OS: Linux 4.15.0-142-generic
2021/10/28 08:33:09 [notice] 1#1: getrlimit(RLIMIT_NOFILE): 1048576:1048576
2021/10/28 08:33:09 [notice] 1#1: start worker processes
2021/10/28 08:33:09 [notice] 1#1: start worker process 22
2021/10/28 08:33:09 [notice] 1#1: start worker process 23
2021/10/28 08:33:09 [notice] 1#1: start worker process 24
2021/10/28 08:33:09 [notice] 1#1: start worker process 25
2021/10/28 08:34:32 [notice] 1#1: signal 3 (SIGQUIT) received, shutting down
2021/10/28 08:34:32 [notice] 22#22: gracefully shutting down
2021/10/28 08:34:32 [notice] 24#24: gracefully shutting down
2021/10/28 08:34:32 [notice] 25#25: gracefully shutting down
2021/10/28 08:34:32 [notice] 22#22: exiting
2021/10/28 08:34:32 [notice] 24#24: exiting
2021/10/28 08:34:32 [notice] 25#25: exiting
2021/10/28 08:34:32 [notice] 22#22: exit
2021/10/28 08:34:32 [notice] 24#24: exit
2021/10/28 08:34:32 [notice] 25#25: exit
2021/10/28 08:34:32 [notice] 23#23: gracefully shutting down
2021/10/28 08:34:32 [notice] 23#23: exiting
2021/10/28 08:34:32 [notice] 23#23: exit
2021/10/28 08:34:32 [notice] 1#1: signal 17 (SIGCHLD) received from 25
2021/10/28 08:34:32 [notice] 1#1: worker process 23 exited with code 0
2021/10/28 08:34:32 [notice] 1#1: worker process 24 exited with code 0
2021/10/28 08:34:32 [notice] 1#1: worker process 25 exited with code 0
2021/10/28 08:34:32 [notice] 1#1: signal 29 (SIGIO) received
2021/10/28 08:34:32 [notice] 1#1: signal 17 (SIGCHLD) received from 23
2021/10/28 08:34:32 [notice] 1#1: signal 17 (SIGCHLD) received from 22
2021/10/28 08:34:32 [notice] 1#1: worker process 22 exited with code 0
2021/10/28 08:34:32 [notice] 1#1: exit
2021/10/28 08:41:53 [notice] 1#1: using the "epoll" event method
2021/10/28 08:41:53 [notice] 1#1: nginx/1.21.3
2021/10/28 08:41:53 [notice] 1#1: built by gcc 8.3.0 (Debian 8.3.0-6) 
2021/10/28 08:41:53 [notice] 1#1: OS: Linux 4.15.0-142-generic
2021/10/28 08:41:53 [notice] 1#1: getrlimit(RLIMIT_NOFILE): 1048576:1048576
2021/10/28 08:41:53 [notice] 1#1: start worker processes
2021/10/28 08:41:53 [notice] 1#1: start worker process 24
2021/10/28 08:41:53 [notice] 1#1: start worker process 25
2021/10/28 08:41:53 [notice] 1#1: start worker process 26
2021/10/28 08:41:53 [notice] 1#1: start worker process 27
2021/10/28 08:45:27 [notice] 1#1: signal 3 (SIGQUIT) received, shutting down
2021/10/28 08:45:27 [notice] 27#27: gracefully shutting down
2021/10/28 08:45:27 [notice] 25#25: gracefully shutting down
2021/10/28 08:45:27 [notice] 27#27: exiting
2021/10/28 08:45:27 [notice] 25#25: exiting
2021/10/28 08:45:27 [notice] 24#24: gracefully shutting down
2021/10/28 08:45:27 [notice] 25#25: exit
2021/10/28 08:45:27 [notice] 27#27: exit
2021/10/28 08:45:27 [notice] 24#24: exiting
2021/10/28 08:45:27 [notice] 24#24: exit
2021/10/28 08:45:27 [notice] 26#26: gracefully shutting down
2021/10/28 08:45:27 [notice] 26#26: exiting
2021/10/28 08:45:27 [notice] 26#26: exit
2021/10/28 08:45:27 [notice] 1#1: signal 17 (SIGCHLD) received from 25
2021/10/28 08:45:27 [notice] 1#1: worker process 24 exited with code 0
2021/10/28 08:45:27 [notice] 1#1: worker process 25 exited with code 0
2021/10/28 08:45:27 [notice] 1#1: signal 29 (SIGIO) received
2021/10/28 08:45:27 [notice] 1#1: signal 17 (SIGCHLD) received from 27
2021/10/28 08:45:27 [notice] 1#1: worker process 27 exited with code 0
2021/10/28 08:45:27 [notice] 1#1: signal 29 (SIGIO) received
2021/10/28 08:45:27 [notice] 1#1: signal 17 (SIGCHLD) received from 26
2021/10/28 08:45:27 [notice] 1#1: worker process 26 exited with code 0
2021/10/28 08:45:27 [notice] 1#1: exit
2021/10/28 08:46:53 [notice] 1#1: using the "epoll" event method
2021/10/28 08:46:53 [notice] 1#1: nginx/1.21.3
2021/10/28 08:46:53 [notice] 1#1: built by gcc 8.3.0 (Debian 8.3.0-6) 
2021/10/28 08:46:53 [notice] 1#1: OS: Linux 4.15.0-142-generic
2021/10/28 08:46:53 [notice] 1#1: getrlimit(RLIMIT_NOFILE): 1048576:1048576
2021/10/28 08:46:53 [notice] 1#1: start worker processes
2021/10/28 08:46:53 [notice] 1#1: start worker process 22
2021/10/28 08:46:53 [notice] 1#1: start worker process 23
2021/10/28 08:46:53 [notice] 1#1: start worker process 24
2021/10/28 08:46:53 [notice] 1#1: start worker process 25
2021/10/28 08:52:35 [notice] 1#1: signal 3 (SIGQUIT) received, shutting down
2021/10/28 08:52:35 [notice] 24#24: gracefully shutting down
2021/10/28 08:52:35 [notice] 24#24: exiting
2021/10/28 08:52:35 [notice] 23#23: gracefully shutting down
2021/10/28 08:52:35 [notice] 25#25: gracefully shutting down
2021/10/28 08:52:35 [notice] 22#22: gracefully shutting down
2021/10/28 08:52:35 [notice] 24#24: exit
2021/10/28 08:52:35 [notice] 23#23: exiting
2021/10/28 08:52:35 [notice] 25#25: exiting
2021/10/28 08:52:35 [notice] 22#22: exiting
2021/10/28 08:52:35 [notice] 23#23: exit
2021/10/28 08:52:35 [notice] 25#25: exit
2021/10/28 08:52:35 [notice] 22#22: exit
2021/10/28 08:52:35 [notice] 1#1: signal 17 (SIGCHLD) received from 25
2021/10/28 08:52:35 [notice] 1#1: worker process 25 exited with code 0
2021/10/28 08:52:35 [notice] 1#1: signal 29 (SIGIO) received
2021/10/28 08:52:35 [notice] 1#1: signal 17 (SIGCHLD) received from 23
2021/10/28 08:52:35 [notice] 1#1: worker process 23 exited with code 0
2021/10/28 08:52:35 [notice] 1#1: signal 29 (SIGIO) received
2021/10/28 08:52:35 [notice] 1#1: signal 17 (SIGCHLD) received from 24
2021/10/28 08:52:35 [notice] 1#1: worker process 24 exited with code 0
2021/10/28 08:52:35 [notice] 1#1: signal 29 (SIGIO) received
2021/10/28 08:52:35 [notice] 1#1: signal 17 (SIGCHLD) received from 22
2021/10/28 08:52:35 [notice] 1#1: worker process 22 exited with code 0
2021/10/28 08:52:35 [notice] 1#1: exit
2021/10/28 09:33:24 [notice] 1#1: using the "epoll" event method
2021/10/28 09:33:24 [notice] 1#1: nginx/1.21.3
2021/10/28 09:33:24 [notice] 1#1: built by gcc 8.3.0 (Debian 8.3.0-6) 
2021/10/28 09:33:24 [notice] 1#1: OS: Linux 5.4.0-81-generic
2021/10/28 09:33:24 [notice] 1#1: getrlimit(RLIMIT_NOFILE): 1048576:1048576
2021/10/28 09:33:24 [notice] 1#1: start worker processes
2021/10/28 09:33:24 [notice] 1#1: start worker process 25
2021/10/28 09:33:24 [notice] 1#1: start worker process 26
2021/10/28 09:33:24 [notice] 1#1: start worker process 27
2021/10/28 09:33:24 [notice] 1#1: start worker process 28
2021/10/28 09:33:24 [notice] 1#1: start worker process 29
2021/10/28 09:33:24 [notice] 1#1: start worker process 30
2021/10/28 09:36:49 [notice] 1#1: signal 3 (SIGQUIT) received, shutting down
2021/10/28 09:36:49 [notice] 25#25: gracefully shutting down
2021/10/28 09:36:49 [notice] 25#25: exiting
2021/10/28 09:36:49 [notice] 25#25: exit
2021/10/28 09:36:49 [notice] 26#26: gracefully shutting down
2021/10/28 09:36:49 [notice] 26#26: exiting
2021/10/28 09:36:49 [notice] 26#26: exit
2021/10/28 09:36:49 [notice] 27#27: gracefully shutting down
2021/10/28 09:36:49 [notice] 27#27: exiting
2021/10/28 09:36:49 [notice] 30#30: gracefully shutting down
2021/10/28 09:36:49 [notice] 30#30: exiting
2021/10/28 09:36:49 [notice] 29#29: gracefully shutting down
2021/10/28 09:36:49 [notice] 29#29: exiting
2021/10/28 09:36:49 [notice] 28#28: gracefully shutting down
2021/10/28 09:36:49 [notice] 29#29: exit
2021/10/28 09:36:49 [notice] 28#28: exiting
2021/10/28 09:36:49 [notice] 28#28: exit
2021/10/28 09:36:49 [notice] 27#27: exit
2021/10/28 09:36:49 [notice] 30#30: exit
2021/10/28 09:36:49 [notice] 1#1: signal 17 (SIGCHLD) received from 25
2021/10/28 09:36:49 [notice] 1#1: worker process 25 exited with code 0
2021/10/28 09:36:49 [notice] 1#1: worker process 26 exited with code 0
2021/10/28 09:36:49 [notice] 1#1: signal 29 (SIGIO) received
2021/10/28 09:36:49 [notice] 1#1: signal 17 (SIGCHLD) received from 30
2021/10/28 09:36:49 [notice] 1#1: worker process 27 exited with code 0
2021/10/28 09:36:49 [notice] 1#1: worker process 28 exited with code 0
2021/10/28 09:36:49 [notice] 1#1: worker process 29 exited with code 0
2021/10/28 09:36:49 [notice] 1#1: worker process 30 exited with code 0
2021/10/28 09:36:49 [notice] 1#1: exit
2021/10/28 09:37:02 [notice] 1#1: using the "epoll" event method
2021/10/28 09:37:02 [notice] 1#1: nginx/1.21.3
2021/10/28 09:37:02 [notice] 1#1: built by gcc 8.3.0 (Debian 8.3.0-6) 
2021/10/28 09:37:02 [notice] 1#1: OS: Linux 5.4.0-81-generic
2021/10/28 09:37:02 [notice] 1#1: getrlimit(RLIMIT_NOFILE): 1048576:1048576
2021/10/28 09:37:02 [notice] 1#1: start worker processes
2021/10/28 09:37:02 [notice] 1#1: start worker process 24
2021/10/28 09:37:02 [notice] 1#1: start worker process 25
2021/10/28 09:37:02 [notice] 1#1: start worker process 26
2021/10/28 09:37:02 [notice] 1#1: start worker process 27
2021/10/28 09:37:02 [notice] 1#1: start worker process 28
2021/10/28 09:37:02 [notice] 1#1: start worker process 29
2021/10/28 09:40:01 [error] 24#24: *1 connect() failed (111: Connection refused) while connecting to upstream, client: 172.24.0.1, server: 10.0.2.15, request: "GET / HTTP/1.1", upstream: "http://127.0.0.1:5000/", host: "127.0.0.1"
2021/10/28 09:41:15 [notice] 1#1: signal 3 (SIGQUIT) received, shutting down
2021/10/28 09:41:15 [notice] 25#25: gracefully shutting down
2021/10/28 09:41:15 [notice] 25#25: exiting
2021/10/28 09:41:15 [notice] 25#25: exit
2021/10/28 09:41:15 [notice] 27#27: gracefully shutting down
2021/10/28 09:41:15 [notice] 27#27: exiting
2021/10/28 09:41:15 [notice] 27#27: exit
2021/10/28 09:41:15 [notice] 28#28: gracefully shutting down
2021/10/28 09:41:15 [notice] 28#28: exiting
2021/10/28 09:41:15 [notice] 28#28: exit
2021/10/28 09:41:15 [notice] 24#24: gracefully shutting down
2021/10/28 09:41:15 [notice] 24#24: exiting
2021/10/28 09:41:15 [notice] 24#24: exit
2021/10/28 09:41:15 [notice] 29#29: gracefully shutting down
2021/10/28 09:41:15 [notice] 29#29: exiting
2021/10/28 09:41:15 [notice] 29#29: exit
2021/10/28 09:41:15 [notice] 26#26: gracefully shutting down
2021/10/28 09:41:15 [notice] 26#26: exiting
2021/10/28 09:41:15 [notice] 26#26: exit
2021/10/28 09:41:15 [notice] 1#1: signal 17 (SIGCHLD) received from 25
2021/10/28 09:41:15 [notice] 1#1: worker process 24 exited with code 0
2021/10/28 09:41:15 [notice] 1#1: worker process 25 exited with code 0
2021/10/28 09:41:15 [notice] 1#1: worker process 27 exited with code 0
2021/10/28 09:41:15 [notice] 1#1: worker process 29 exited with code 0
2021/10/28 09:41:15 [notice] 1#1: signal 29 (SIGIO) received
2021/10/28 09:41:15 [notice] 1#1: signal 17 (SIGCHLD) received from 24
2021/10/28 09:41:15 [notice] 1#1: signal 17 (SIGCHLD) received from 26
2021/10/28 09:41:15 [notice] 1#1: worker process 26 exited with code 0
2021/10/28 09:41:15 [notice] 1#1: signal 29 (SIGIO) received
2021/10/28 09:41:15 [notice] 1#1: signal 17 (SIGCHLD) received from 28
2021/10/28 09:41:15 [notice] 1#1: worker process 28 exited with code 0
2021/10/28 09:41:15 [notice] 1#1: exit
2021/10/28 09:41:28 [notice] 1#1: using the "epoll" event method
2021/10/28 09:41:28 [notice] 1#1: nginx/1.21.3
2021/10/28 09:41:28 [notice] 1#1: built by gcc 8.3.0 (Debian 8.3.0-6) 
2021/10/28 09:41:28 [notice] 1#1: OS: Linux 5.4.0-81-generic
2021/10/28 09:41:28 [notice] 1#1: getrlimit(RLIMIT_NOFILE): 1048576:1048576
2021/10/28 09:41:28 [notice] 1#1: start worker processes
2021/10/28 09:41:28 [notice] 1#1: start worker process 23
2021/10/28 09:41:28 [notice] 1#1: start worker process 24
2021/10/28 09:41:28 [notice] 1#1: start worker process 25
2021/10/28 09:41:28 [notice] 1#1: start worker process 26
2021/10/28 09:41:28 [notice] 1#1: start worker process 27
2021/10/28 09:41:28 [notice] 1#1: start worker process 28
2021/10/28 09:42:04 [warn] 23#23: *4 an upstream response is buffered to a temporary file /var/cache/nginx/proxy_temp/1/00/0000000001 while reading upstream, client: 172.24.0.1, server: 10.0.2.15, request: "GET /bayesnet/css/app.css HTTP/1.1", upstream: "http://172.24.0.3:5000/bayesnet/css/app.css", host: "127.0.0.1", referrer: "http://127.0.0.1/main"
2021/10/28 11:09:42 [notice] 1#1: signal 3 (SIGQUIT) received, shutting down
2021/10/28 11:09:42 [notice] 25#25: gracefully shutting down
2021/10/28 11:09:42 [notice] 25#25: exiting
2021/10/28 11:09:42 [notice] 23#23: gracefully shutting down
2021/10/28 11:09:42 [notice] 28#28: gracefully shutting down
2021/10/28 11:09:42 [notice] 23#23: exiting
2021/10/28 11:09:42 [notice] 25#25: exit
2021/10/28 11:09:42 [notice] 28#28: exiting
2021/10/28 11:09:42 [notice] 27#27: gracefully shutting down
2021/10/28 11:09:42 [notice] 27#27: exiting
2021/10/28 11:09:42 [notice] 23#23: exit
2021/10/28 11:09:42 [notice] 28#28: exit
2021/10/28 11:09:42 [notice] 27#27: exit
2021/10/28 11:09:42 [notice] 26#26: gracefully shutting down
2021/10/28 11:09:42 [notice] 26#26: exiting
2021/10/28 11:09:42 [notice] 26#26: exit
2021/10/28 11:09:42 [notice] 24#24: gracefully shutting down
2021/10/28 11:09:42 [notice] 24#24: exiting
2021/10/28 11:09:42 [notice] 24#24: exit
2021/10/28 11:09:42 [notice] 1#1: signal 17 (SIGCHLD) received from 23
2021/10/28 11:09:42 [notice] 1#1: worker process 23 exited with code 0
2021/10/28 11:09:42 [notice] 1#1: worker process 24 exited with code 0
2021/10/28 11:09:42 [notice] 1#1: worker process 25 exited with code 0
2021/10/28 11:09:42 [notice] 1#1: worker process 26 exited with code 0
2021/10/28 11:09:42 [notice] 1#1: signal 29 (SIGIO) received
2021/10/28 11:09:42 [notice] 1#1: signal 17 (SIGCHLD) received from 24
2021/10/28 11:09:42 [notice] 1#1: signal 17 (SIGCHLD) received from 27
2021/10/28 11:09:42 [notice] 1#1: worker process 27 exited with code 0
2021/10/28 11:09:42 [notice] 1#1: signal 29 (SIGIO) received
2021/10/28 11:09:42 [notice] 1#1: signal 17 (SIGCHLD) received from 28
2021/10/28 11:09:42 [notice] 1#1: worker process 28 exited with code 0
2021/10/28 11:09:42 [notice] 1#1: exit
2021/10/28 11:19:26 [notice] 1#1: using the "epoll" event method
2021/10/28 11:19:26 [notice] 1#1: nginx/1.21.3
2021/10/28 11:19:26 [notice] 1#1: built by gcc 8.3.0 (Debian 8.3.0-6) 
2021/10/28 11:19:26 [notice] 1#1: OS: Linux 5.4.0-81-generic
2021/10/28 11:19:26 [notice] 1#1: getrlimit(RLIMIT_NOFILE): 1048576:1048576
2021/10/28 11:19:26 [notice] 1#1: start worker processes
2021/10/28 11:19:26 [notice] 1#1: start worker process 22
2021/10/28 11:19:26 [notice] 1#1: start worker process 23
2021/10/28 11:19:26 [notice] 1#1: start worker process 24
2021/10/28 11:19:26 [notice] 1#1: start worker process 25
2021/10/28 11:19:26 [notice] 1#1: start worker process 26
2021/10/28 11:19:26 [notice] 1#1: start worker process 27
2021/10/28 11:20:37 [notice] 25#25: signal 15 (SIGTERM) received, exiting
2021/10/28 11:20:37 [notice] 25#25: exiting
2021/10/28 11:20:37 [notice] 25#25: exit
2021/10/28 11:20:37 [notice] 1#1: signal 15 (SIGTERM) received, exiting
2021/10/28 11:20:37 [notice] 1#1: signal 17 (SIGCHLD) received from 22
2021/10/28 11:20:37 [notice] 1#1: signal 17 (SIGCHLD) received from 25
2021/10/28 11:20:37 [notice] 22#22: signal 15 (SIGTERM) received, exiting
2021/10/28 11:20:37 [notice] 22#22: exiting
2021/10/28 11:20:37 [notice] 22#22: exit
2021/10/28 11:20:37 [notice] 1#1: signal 17 (SIGCHLD) received from 22
2021/10/28 11:20:37 [notice] 23#23: signal 15 (SIGTERM) received, exiting
2021/10/28 11:20:37 [notice] 23#23: exiting
2021/10/28 11:20:37 [notice] 23#23: exit
2021/10/28 11:20:37 [notice] 27#27: signal 15 (SIGTERM) received, exiting
2021/10/28 11:20:37 [notice] 27#27: exiting
2021/10/28 11:20:37 [notice] 27#27: exit
2021/10/28 11:20:37 [notice] 24#24: signal 15 (SIGTERM) received, exiting
2021/10/28 11:20:37 [notice] 24#24: exiting
2021/10/28 11:20:37 [notice] 24#24: exit
2021/10/28 11:20:37 [notice] 26#26: signal 15 (SIGTERM) received, exiting
2021/10/28 11:20:37 [notice] 26#26: exiting
2021/10/28 11:20:37 [notice] 1#1: signal 17 (SIGCHLD) received from 26
2021/10/28 11:20:37 [notice] 26#26: exit
2021/10/28 11:20:37 [notice] 1#1: signal 17 (SIGCHLD) received from 23
2021/10/28 11:20:37 [notice] 1#1: worker process 23 exited with code 0
2021/10/28 11:20:37 [notice] 1#1: signal 29 (SIGIO) received
2021/10/28 11:20:37 [notice] 1#1: signal 17 (SIGCHLD) received from 22
2021/10/28 11:20:37 [notice] 1#1: worker process 22 exited with code 0
2021/10/28 11:20:37 [notice] 1#1: signal 29 (SIGIO) received
2021/10/28 11:20:37 [notice] 1#1: signal 17 (SIGCHLD) received from 27
2021/10/28 11:20:37 [notice] 1#1: worker process 27 exited with code 0
2021/10/28 11:20:37 [notice] 1#1: signal 29 (SIGIO) received
2021/10/28 11:20:37 [notice] 1#1: signal 17 (SIGCHLD) received from 25
2021/10/28 11:20:37 [notice] 1#1: worker process 25 exited with code 0
2021/10/28 11:20:37 [notice] 1#1: signal 29 (SIGIO) received
2021/10/28 11:20:37 [notice] 1#1: signal 17 (SIGCHLD) received from 26
2021/10/28 11:20:37 [notice] 1#1: worker process 26 exited with code 0
2021/10/28 11:20:37 [notice] 1#1: signal 29 (SIGIO) received
2021/10/28 11:20:37 [notice] 1#1: signal 17 (SIGCHLD) received from 24
2021/10/28 11:20:37 [notice] 1#1: worker process 24 exited with code 0
2021/10/28 11:20:37 [notice] 1#1: exit
2021/11/01 01:33:07 [notice] 1#1: using the "epoll" event method
2021/11/01 01:33:07 [notice] 1#1: nginx/1.21.3
2021/11/01 01:33:07 [notice] 1#1: built by gcc 8.3.0 (Debian 8.3.0-6) 
2021/11/01 01:33:07 [notice] 1#1: OS: Linux 5.4.0-81-generic
2021/11/01 01:33:07 [notice] 1#1: getrlimit(RLIMIT_NOFILE): 1048576:1048576
2021/11/01 01:33:07 [notice] 1#1: start worker processes
2021/11/01 01:33:07 [notice] 1#1: start worker process 22
2021/11/01 01:33:07 [notice] 1#1: start worker process 23
2021/11/01 01:33:07 [notice] 1#1: start worker process 24
2021/11/01 01:33:07 [notice] 1#1: start worker process 25
2021/11/01 01:33:07 [notice] 1#1: start worker process 26
2021/11/01 01:33:07 [notice] 1#1: start worker process 27
2021/11/01 02:25:22 [notice] 1#1: signal 3 (SIGQUIT) received, shutting down
2021/11/01 02:25:22 [notice] 24#24: gracefully shutting down
2021/11/01 02:25:22 [notice] 23#23: gracefully shutting down
2021/11/01 02:25:22 [notice] 24#24: exiting
2021/11/01 02:25:22 [notice] 23#23: exiting
2021/11/01 02:25:22 [notice] 24#24: exit
2021/11/01 02:25:22 [notice] 23#23: exit
2021/11/01 02:25:22 [notice] 27#27: gracefully shutting down
2021/11/01 02:25:22 [notice] 27#27: exiting
2021/11/01 02:25:22 [notice] 27#27: exit
2021/11/01 02:25:22 [notice] 26#26: gracefully shutting down
2021/11/01 02:25:22 [notice] 26#26: exiting
2021/11/01 02:25:22 [notice] 26#26: exit
2021/11/01 02:25:22 [notice] 22#22: gracefully shutting down
2021/11/01 02:25:22 [notice] 22#22: exiting
2021/11/01 02:25:22 [notice] 22#22: exit
2021/11/01 02:25:22 [notice] 25#25: gracefully shutting down
2021/11/01 02:25:22 [notice] 25#25: exiting
2021/11/01 02:25:22 [notice] 25#25: exit
2021/11/01 02:25:22 [notice] 1#1: signal 17 (SIGCHLD) received from 24
2021/11/01 02:25:22 [notice] 1#1: worker process 24 exited with code 0
2021/11/01 02:25:22 [notice] 1#1: worker process 26 exited with code 0
2021/11/01 02:25:22 [notice] 1#1: signal 29 (SIGIO) received
2021/11/01 02:25:22 [notice] 1#1: signal 17 (SIGCHLD) received from 26
2021/11/01 02:25:22 [notice] 1#1: signal 17 (SIGCHLD) received from 25
2021/11/01 02:25:22 [notice] 1#1: worker process 25 exited with code 0
2021/11/01 02:25:22 [notice] 1#1: worker process 27 exited with code 0
2021/11/01 02:25:22 [notice] 1#1: signal 29 (SIGIO) received
2021/11/01 02:25:22 [notice] 1#1: signal 17 (SIGCHLD) received from 23
2021/11/01 02:25:22 [notice] 1#1: worker process 22 exited with code 0
2021/11/01 02:25:22 [notice] 1#1: worker process 23 exited with code 0
2021/11/01 02:25:22 [notice] 1#1: exit
2021/11/01 02:27:16 [notice] 1#1: using the "epoll" event method
2021/11/01 02:27:16 [notice] 1#1: nginx/1.21.3
2021/11/01 02:27:16 [notice] 1#1: built by gcc 8.3.0 (Debian 8.3.0-6) 
2021/11/01 02:27:16 [notice] 1#1: OS: Linux 5.4.0-81-generic
2021/11/01 02:27:16 [notice] 1#1: getrlimit(RLIMIT_NOFILE): 1048576:1048576
2021/11/01 02:27:16 [notice] 1#1: start worker processes
2021/11/01 02:27:16 [notice] 1#1: start worker process 23
2021/11/01 02:27:16 [notice] 1#1: start worker process 24
2021/11/01 02:27:16 [notice] 1#1: start worker process 25
2021/11/01 02:27:16 [notice] 1#1: start worker process 26
2021/11/01 02:27:16 [notice] 1#1: start worker process 27
2021/11/01 02:27:16 [notice] 1#1: start worker process 28
2021/11/01 02:39:42 [notice] 1#1: signal 3 (SIGQUIT) received, shutting down
2021/11/01 02:39:42 [notice] 23#23: gracefully shutting down
2021/11/01 02:39:42 [notice] 26#26: gracefully shutting down
2021/11/01 02:39:42 [notice] 28#28: gracefully shutting down
2021/11/01 02:39:42 [notice] 26#26: exiting
2021/11/01 02:39:42 [notice] 28#28: exiting
2021/11/01 02:39:42 [notice] 23#23: exiting
2021/11/01 02:39:42 [notice] 28#28: exit
2021/11/01 02:39:42 [notice] 26#26: exit
2021/11/01 02:39:42 [notice] 23#23: exit
2021/11/01 02:39:42 [notice] 25#25: gracefully shutting down
2021/11/01 02:39:42 [notice] 27#27: gracefully shutting down
2021/11/01 02:39:42 [notice] 27#27: exiting
2021/11/01 02:39:42 [notice] 25#25: exiting
2021/11/01 02:39:42 [notice] 27#27: exit
2021/11/01 02:39:42 [notice] 25#25: exit
2021/11/01 02:39:42 [notice] 24#24: gracefully shutting down
2021/11/01 02:39:42 [notice] 24#24: exiting
2021/11/01 02:39:42 [notice] 24#24: exit
2021/11/01 02:39:42 [notice] 1#1: signal 17 (SIGCHLD) received from 23
2021/11/01 02:39:42 [notice] 1#1: worker process 23 exited with code 0
2021/11/01 02:39:42 [notice] 1#1: worker process 24 exited with code 0
2021/11/01 02:39:42 [notice] 1#1: signal 29 (SIGIO) received
2021/11/01 02:39:42 [notice] 1#1: signal 17 (SIGCHLD) received from 27
2021/11/01 02:39:42 [notice] 1#1: worker process 27 exited with code 0
2021/11/01 02:39:42 [notice] 1#1: worker process 26 exited with code 0
2021/11/01 02:39:42 [notice] 1#1: worker process 28 exited with code 0
2021/11/01 02:39:42 [notice] 1#1: signal 29 (SIGIO) received
2021/11/01 02:39:42 [notice] 1#1: signal 17 (SIGCHLD) received from 28
2021/11/01 02:39:42 [notice] 1#1: signal 17 (SIGCHLD) received from 25
2021/11/01 02:39:42 [notice] 1#1: worker process 25 exited with code 0
2021/11/01 02:39:42 [notice] 1#1: exit
2021/11/01 02:40:59 [notice] 1#1: using the "epoll" event method
2021/11/01 02:40:59 [notice] 1#1: nginx/1.21.3
2021/11/01 02:40:59 [notice] 1#1: built by gcc 8.3.0 (Debian 8.3.0-6) 
2021/11/01 02:40:59 [notice] 1#1: OS: Linux 5.4.0-81-generic
2021/11/01 02:40:59 [notice] 1#1: getrlimit(RLIMIT_NOFILE): 1048576:1048576
2021/11/01 02:40:59 [notice] 1#1: start worker processes
2021/11/01 02:40:59 [notice] 1#1: start worker process 22
2021/11/01 02:40:59 [notice] 1#1: start worker process 23
2021/11/01 02:40:59 [notice] 1#1: start worker process 24
2021/11/01 02:40:59 [notice] 1#1: start worker process 25
2021/11/01 02:40:59 [notice] 1#1: start worker process 26
2021/11/01 02:40:59 [notice] 1#1: start worker process 27
2021/11/01 04:53:33 [notice] 1#1: signal 3 (SIGQUIT) received, shutting down
2021/11/01 04:53:33 [notice] 23#23: gracefully shutting down
2021/11/01 04:53:33 [notice] 23#23: exiting
2021/11/01 04:53:33 [notice] 23#23: exit
2021/11/01 04:53:33 [notice] 24#24: gracefully shutting down
2021/11/01 04:53:33 [notice] 24#24: exiting
2021/11/01 04:53:33 [notice] 24#24: exit
2021/11/01 04:53:33 [notice] 27#27: gracefully shutting down
2021/11/01 04:53:33 [notice] 27#27: exiting
2021/11/01 04:53:33 [notice] 25#25: gracefully shutting down
2021/11/01 04:53:33 [notice] 27#27: exit
2021/11/01 04:53:33 [notice] 25#25: exiting
2021/11/01 04:53:33 [notice] 25#25: exit
2021/11/01 04:53:33 [notice] 22#22: gracefully shutting down
2021/11/01 04:53:33 [notice] 22#22: exiting
2021/11/01 04:53:33 [notice] 22#22: exit
2021/11/01 04:53:33 [notice] 26#26: gracefully shutting down
2021/11/01 04:53:33 [notice] 26#26: exiting
2021/11/01 04:53:33 [notice] 26#26: exit
2021/11/01 04:53:33 [notice] 1#1: signal 17 (SIGCHLD) received from 25
2021/11/01 04:53:33 [notice] 1#1: worker process 23 exited with code 0
2021/11/01 04:53:33 [notice] 1#1: worker process 22 exited with code 0
2021/11/01 04:53:33 [notice] 1#1: worker process 25 exited with code 0
2021/11/01 04:53:33 [notice] 1#1: signal 29 (SIGIO) received
2021/11/01 04:53:33 [notice] 1#1: signal 17 (SIGCHLD) received from 22
2021/11/01 04:53:33 [notice] 1#1: signal 17 (SIGCHLD) received from 24
2021/11/01 04:53:33 [notice] 1#1: worker process 24 exited with code 0
2021/11/01 04:53:33 [notice] 1#1: worker process 26 exited with code 0
2021/11/01 04:53:33 [notice] 1#1: worker process 27 exited with code 0
2021/11/01 04:53:33 [notice] 1#1: exit
2021/11/01 04:53:48 [notice] 1#1: using the "epoll" event method
2021/11/01 04:53:48 [notice] 1#1: nginx/1.21.3
2021/11/01 04:53:48 [notice] 1#1: built by gcc 8.3.0 (Debian 8.3.0-6) 
2021/11/01 04:53:48 [notice] 1#1: OS: Linux 5.4.0-81-generic
2021/11/01 04:53:48 [notice] 1#1: getrlimit(RLIMIT_NOFILE): 1048576:1048576
2021/11/01 04:53:48 [notice] 1#1: start worker processes
2021/11/01 04:53:48 [notice] 1#1: start worker process 23
2021/11/01 04:53:48 [notice] 1#1: start worker process 24
2021/11/01 04:53:48 [notice] 1#1: start worker process 25
2021/11/01 04:53:48 [notice] 1#1: start worker process 26
2021/11/01 04:53:48 [notice] 1#1: start worker process 27
2021/11/01 04:53:48 [notice] 1#1: start worker process 28
2021/11/01 07:18:53 [notice] 1#1: signal 3 (SIGQUIT) received, shutting down
2021/11/01 07:18:53 [notice] 24#24: gracefully shutting down
2021/11/01 07:18:53 [notice] 24#24: exiting
2021/11/01 07:18:53 [notice] 24#24: exit
2021/11/01 07:18:53 [notice] 23#23: gracefully shutting down
2021/11/01 07:18:53 [notice] 23#23: exiting
2021/11/01 07:18:53 [notice] 25#25: gracefully shutting down
2021/11/01 07:18:53 [notice] 25#25: exiting
2021/11/01 07:18:53 [notice] 25#25: exit
2021/11/01 07:18:53 [notice] 28#28: gracefully shutting down
2021/11/01 07:18:53 [notice] 28#28: exiting
2021/11/01 07:18:53 [notice] 26#26: gracefully shutting down
2021/11/01 07:18:53 [notice] 28#28: exit
2021/11/01 07:18:53 [notice] 26#26: exiting
2021/11/01 07:18:53 [notice] 23#23: exit
2021/11/01 07:18:53 [notice] 26#26: exit
2021/11/01 07:18:53 [notice] 27#27: gracefully shutting down
2021/11/01 07:18:53 [notice] 27#27: exiting
2021/11/01 07:18:53 [notice] 27#27: exit
2021/11/01 07:18:53 [notice] 1#1: signal 17 (SIGCHLD) received from 28
2021/11/01 07:18:53 [notice] 1#1: worker process 23 exited with code 0
2021/11/01 07:18:53 [notice] 1#1: worker process 25 exited with code 0
2021/11/01 07:18:53 [notice] 1#1: worker process 26 exited with code 0
2021/11/01 07:18:53 [notice] 1#1: worker process 27 exited with code 0
2021/11/01 07:18:53 [notice] 1#1: worker process 28 exited with code 0
2021/11/01 07:18:53 [notice] 1#1: signal 29 (SIGIO) received
2021/11/01 07:18:53 [notice] 1#1: signal 17 (SIGCHLD) received from 23
2021/11/01 07:18:53 [notice] 1#1: signal 17 (SIGCHLD) received from 24
2021/11/01 07:18:53 [notice] 1#1: worker process 24 exited with code 0
2021/11/01 07:18:53 [notice] 1#1: exit
2021/11/02 01:37:51 [notice] 1#1: using the "epoll" event method
2021/11/02 01:37:51 [notice] 1#1: nginx/1.21.3
2021/11/02 01:37:51 [notice] 1#1: built by gcc 8.3.0 (Debian 8.3.0-6) 
2021/11/02 01:37:51 [notice] 1#1: OS: Linux 5.4.0-81-generic
2021/11/02 01:37:51 [notice] 1#1: getrlimit(RLIMIT_NOFILE): 1048576:1048576
2021/11/02 01:37:51 [notice] 1#1: start worker processes
2021/11/02 01:37:51 [notice] 1#1: start worker process 22
2021/11/02 01:37:51 [notice] 1#1: start worker process 23
2021/11/02 01:37:51 [notice] 1#1: start worker process 24
2021/11/02 01:37:51 [notice] 1#1: start worker process 25
2021/11/02 01:37:51 [notice] 1#1: start worker process 26
2021/11/02 01:37:51 [notice] 1#1: start worker process 27
2021/11/02 01:58:50 [notice] 1#1: signal 3 (SIGQUIT) received, shutting down
2021/11/02 01:58:50 [notice] 23#23: gracefully shutting down
2021/11/02 01:58:50 [notice] 22#22: gracefully shutting down
2021/11/02 01:58:50 [notice] 23#23: exiting
2021/11/02 01:58:50 [notice] 22#22: exiting
2021/11/02 01:58:50 [notice] 22#22: exit
2021/11/02 01:58:50 [notice] 23#23: exit
2021/11/02 01:58:50 [notice] 24#24: gracefully shutting down
2021/11/02 01:58:50 [notice] 24#24: exiting
2021/11/02 01:58:50 [notice] 24#24: exit
2021/11/02 01:58:50 [notice] 25#25: gracefully shutting down
2021/11/02 01:58:50 [notice] 25#25: exiting
2021/11/02 01:58:50 [notice] 25#25: exit
2021/11/02 01:58:50 [notice] 26#26: gracefully shutting down
2021/11/02 01:58:50 [notice] 26#26: exiting
2021/11/02 01:58:50 [notice] 26#26: exit
2021/11/02 01:58:50 [notice] 27#27: gracefully shutting down
2021/11/02 01:58:50 [notice] 27#27: exiting
2021/11/02 01:58:50 [notice] 27#27: exit
2021/11/02 01:58:50 [notice] 1#1: signal 17 (SIGCHLD) received from 25
2021/11/02 01:58:50 [notice] 1#1: worker process 22 exited with code 0
2021/11/02 01:58:50 [notice] 1#1: worker process 23 exited with code 0
2021/11/02 01:58:50 [notice] 1#1: worker process 24 exited with code 0
2021/11/02 01:58:50 [notice] 1#1: worker process 25 exited with code 0
2021/11/02 01:58:50 [notice] 1#1: worker process 26 exited with code 0
2021/11/02 01:58:50 [notice] 1#1: worker process 27 exited with code 0
2021/11/02 01:58:50 [notice] 1#1: exit
